{"C:\\Users\\xxdar\\OneDrive\\Documentos\\codeGodot\\codegodotReact\\src\\components\\Comunidad.jsx": {"path":"C:\\Users\\xxdar\\OneDrive\\Documentos\\codeGodot\\codegodotReact\\src\\components\\Comunidad.jsx","statementMap":{"0":{"start":{"line":7,"column":44},"end":{"line":7,"column":55}},"1":{"start":{"line":8,"column":29},"end":{"line":8,"column":30}},"2":{"start":{"line":11,"column":25},"end":{"line":11,"column":56}},"3":{"start":{"line":12,"column":26},"end":{"line":12,"column":57}},"4":{"start":{"line":13,"column":28},"end":{"line":13,"column":74}},"5":{"start":{"line":16,"column":25},"end":{"line":16,"column":73}},"6":{"start":{"line":19,"column":26},"end":{"line":22,"column":5}},"7":{"start":{"line":20,"column":8},"end":{"line":20,"column":37}},"8":{"start":{"line":21,"column":8},"end":{"line":21,"column":55}},"9":{"start":{"line":24,"column":4},"end":{"line":142,"column":5}},"10":{"start":{"line":57,"column":28},"end":{"line":80,"column":34}},"11":{"start":{"line":92,"column":55},"end":{"line":92,"column":86}},"12":{"start":{"line":101,"column":36},"end":{"line":111,"column":41}},"13":{"start":{"line":107,"column":59},"end":{"line":107,"column":83}},"14":{"start":{"line":118,"column":55},"end":{"line":118,"column":86}}},"fnMap":{"0":{"name":"Comunidad","decl":{"start":{"line":6,"column":9},"end":{"line":6,"column":18}},"loc":{"start":{"line":6,"column":21},"end":{"line":143,"column":1}},"line":6},"1":{"name":"(anonymous_1)","decl":{"start":{"line":19,"column":26},"end":{"line":19,"column":27}},"loc":{"start":{"line":19,"column":44},"end":{"line":22,"column":5}},"line":19},"2":{"name":"(anonymous_2)","decl":{"start":{"line":56,"column":45},"end":{"line":56,"column":46}},"loc":{"start":{"line":57,"column":28},"end":{"line":80,"column":34}},"line":57},"3":{"name":"(anonymous_3)","decl":{"start":{"line":92,"column":49},"end":{"line":92,"column":50}},"loc":{"start":{"line":92,"column":55},"end":{"line":92,"column":86}},"line":92},"4":{"name":"(anonymous_4)","decl":{"start":{"line":100,"column":62},"end":{"line":100,"column":63}},"loc":{"start":{"line":101,"column":36},"end":{"line":111,"column":41}},"line":101},"5":{"name":"(anonymous_5)","decl":{"start":{"line":107,"column":53},"end":{"line":107,"column":54}},"loc":{"start":{"line":107,"column":59},"end":{"line":107,"column":83}},"line":107},"6":{"name":"(anonymous_6)","decl":{"start":{"line":118,"column":49},"end":{"line":118,"column":50}},"loc":{"start":{"line":118,"column":55},"end":{"line":118,"column":86}},"line":118}},"branchMap":{"0":{"loc":{"start":{"line":85,"column":21},"end":{"line":126,"column":21}},"type":"binary-expr","locations":[{"start":{"line":85,"column":21},"end":{"line":85,"column":37}},{"start":{"line":86,"column":24},"end":{"line":125,"column":30}}],"line":85},"1":{"loc":{"start":{"line":89,"column":60},"end":{"line":89,"column":96}},"type":"cond-expr","locations":[{"start":{"line":89,"column":81},"end":{"line":89,"column":91}},{"start":{"line":89,"column":94},"end":{"line":89,"column":96}}],"line":89},"2":{"loc":{"start":{"line":103,"column":64},"end":{"line":103,"column":106}},"type":"cond-expr","locations":[{"start":{"line":103,"column":93},"end":{"line":103,"column":101}},{"start":{"line":103,"column":104},"end":{"line":103,"column":106}}],"line":103},"3":{"loc":{"start":{"line":115,"column":60},"end":{"line":115,"column":107}},"type":"cond-expr","locations":[{"start":{"line":115,"column":92},"end":{"line":115,"column":102}},{"start":{"line":115,"column":105},"end":{"line":115,"column":107}}],"line":115}},"s":{"0":0,"1":0,"2":0,"3":0,"4":0,"5":0,"6":0,"7":0,"8":0,"9":0,"10":0,"11":0,"12":0,"13":0,"14":0},"f":{"0":0,"1":0,"2":0,"3":0,"4":0,"5":0,"6":0},"b":{"0":[0,0],"1":[0,0],"2":[0,0],"3":[0,0]}}
,"C:\\Users\\xxdar\\OneDrive\\Documentos\\codeGodot\\codegodotReact\\src\\components\\DetalleCode.jsx": {"path":"C:\\Users\\xxdar\\OneDrive\\Documentos\\codeGodot\\codegodotReact\\src\\components\\DetalleCode.jsx","statementMap":{"0":{"start":{"line":7,"column":19},"end":{"line":7,"column":30}},"1":{"start":{"line":8,"column":21},"end":{"line":8,"column":34}},"2":{"start":{"line":11,"column":25},"end":{"line":11,"column":97}},"3":{"start":{"line":11,"column":52},"end":{"line":11,"column":78}},"4":{"start":{"line":14,"column":31},"end":{"line":27,"column":5}},"5":{"start":{"line":29,"column":50},"end":{"line":29,"column":62}},"6":{"start":{"line":30,"column":30},"end":{"line":30,"column":45}},"7":{"start":{"line":31,"column":30},"end":{"line":31,"column":45}},"8":{"start":{"line":33,"column":25},"end":{"line":36,"column":5}},"9":{"start":{"line":34,"column":8},"end":{"line":34,"column":58}},"10":{"start":{"line":35,"column":8},"end":{"line":35,"column":48}},"11":{"start":{"line":38,"column":35},"end":{"line":44,"column":5}},"12":{"start":{"line":39,"column":8},"end":{"line":39,"column":26}},"13":{"start":{"line":40,"column":8},"end":{"line":43,"column":9}},"14":{"start":{"line":41,"column":12},"end":{"line":41,"column":66}},"15":{"start":{"line":42,"column":12},"end":{"line":42,"column":34}},"16":{"start":{"line":46,"column":4},"end":{"line":157,"column":5}},"17":{"start":{"line":50,"column":39},"end":{"line":50,"column":61}},"18":{"start":{"line":67,"column":47},"end":{"line":67,"column":63}},"19":{"start":{"line":73,"column":47},"end":{"line":73,"column":63}},"20":{"start":{"line":125,"column":49},"end":{"line":125,"column":83}},"21":{"start":{"line":134,"column":28},"end":{"line":151,"column":34}}},"fnMap":{"0":{"name":"DetalleCode","decl":{"start":{"line":6,"column":9},"end":{"line":6,"column":20}},"loc":{"start":{"line":6,"column":23},"end":{"line":158,"column":1}},"line":6},"1":{"name":"(anonymous_1)","decl":{"start":{"line":11,"column":42},"end":{"line":11,"column":43}},"loc":{"start":{"line":11,"column":52},"end":{"line":11,"column":78}},"line":11},"2":{"name":"(anonymous_2)","decl":{"start":{"line":33,"column":25},"end":{"line":33,"column":26}},"loc":{"start":{"line":33,"column":31},"end":{"line":36,"column":5}},"line":33},"3":{"name":"(anonymous_3)","decl":{"start":{"line":38,"column":35},"end":{"line":38,"column":36}},"loc":{"start":{"line":38,"column":42},"end":{"line":44,"column":5}},"line":38},"4":{"name":"(anonymous_4)","decl":{"start":{"line":50,"column":33},"end":{"line":50,"column":34}},"loc":{"start":{"line":50,"column":39},"end":{"line":50,"column":61}},"line":50},"5":{"name":"(anonymous_5)","decl":{"start":{"line":67,"column":41},"end":{"line":67,"column":42}},"loc":{"start":{"line":67,"column":47},"end":{"line":67,"column":63}},"line":67},"6":{"name":"(anonymous_6)","decl":{"start":{"line":73,"column":41},"end":{"line":73,"column":42}},"loc":{"start":{"line":73,"column":47},"end":{"line":73,"column":63}},"line":73},"7":{"name":"(anonymous_7)","decl":{"start":{"line":125,"column":42},"end":{"line":125,"column":43}},"loc":{"start":{"line":125,"column":49},"end":{"line":125,"column":83}},"line":125},"8":{"name":"(anonymous_8)","decl":{"start":{"line":133,"column":48},"end":{"line":133,"column":49}},"loc":{"start":{"line":134,"column":28},"end":{"line":151,"column":34}},"line":134}},"branchMap":{"0":{"loc":{"start":{"line":11,"column":25},"end":{"line":11,"column":97}},"type":"binary-expr","locations":[{"start":{"line":11,"column":25},"end":{"line":11,"column":79}},{"start":{"line":11,"column":83},"end":{"line":11,"column":97}}],"line":11},"1":{"loc":{"start":{"line":40,"column":8},"end":{"line":43,"column":9}},"type":"if","locations":[{"start":{"line":40,"column":8},"end":{"line":43,"column":9}},{"start":{},"end":{}}],"line":40},"2":{"loc":{"start":{"line":66,"column":57},"end":{"line":66,"column":100}},"type":"cond-expr","locations":[{"start":{"line":66,"column":65},"end":{"line":66,"column":77}},{"start":{"line":66,"column":80},"end":{"line":66,"column":100}}],"line":66},"3":{"loc":{"start":{"line":69,"column":88},"end":{"line":69,"column":101}},"type":"cond-expr","locations":[{"start":{"line":69,"column":96},"end":{"line":69,"column":97}},{"start":{"line":69,"column":100},"end":{"line":69,"column":101}}],"line":69},"4":{"loc":{"start":{"line":72,"column":57},"end":{"line":72,"column":102}},"type":"cond-expr","locations":[{"start":{"line":72,"column":65},"end":{"line":72,"column":78}},{"start":{"line":72,"column":81},"end":{"line":72,"column":102}}],"line":72}},"s":{"0":0,"1":0,"2":0,"3":0,"4":0,"5":0,"6":0,"7":0,"8":0,"9":0,"10":0,"11":0,"12":0,"13":0,"14":0,"15":0,"16":0,"17":0,"18":0,"19":0,"20":0,"21":0},"f":{"0":0,"1":0,"2":0,"3":0,"4":0,"5":0,"6":0,"7":0,"8":0},"b":{"0":[0,0],"1":[0,0],"2":[0,0],"3":[0,0],"4":[0,0]}}
,"C:\\Users\\xxdar\\OneDrive\\Documentos\\codeGodot\\codegodotReact\\src\\components\\Footer.jsx": {"path":"C:\\Users\\xxdar\\OneDrive\\Documentos\\codeGodot\\codegodotReact\\src\\components\\Footer.jsx","statementMap":{"0":{"start":{"line":9,"column":4},"end":{"line":64,"column":5}}},"fnMap":{"0":{"name":"Footer","decl":{"start":{"line":8,"column":9},"end":{"line":8,"column":15}},"loc":{"start":{"line":8,"column":18},"end":{"line":65,"column":1}},"line":8}},"branchMap":{},"s":{"0":0},"f":{"0":0},"b":{}}
,"C:\\Users\\xxdar\\OneDrive\\Documentos\\codeGodot\\codegodotReact\\src\\components\\Inicio.jsx": {"path":"C:\\Users\\xxdar\\OneDrive\\Documentos\\codeGodot\\codegodotReact\\src\\components\\Inicio.jsx","statementMap":{"0":{"start":{"line":6,"column":4},"end":{"line":133,"column":5}}},"fnMap":{"0":{"name":"Inicio","decl":{"start":{"line":5,"column":9},"end":{"line":5,"column":15}},"loc":{"start":{"line":5,"column":18},"end":{"line":134,"column":1}},"line":5}},"branchMap":{},"s":{"0":0},"f":{"0":0},"b":{}}
,"C:\\Users\\xxdar\\OneDrive\\Documentos\\codeGodot\\codegodotReact\\src\\components\\Login.jsx": {"path":"C:\\Users\\xxdar\\OneDrive\\Documentos\\codeGodot\\codegodotReact\\src\\components\\Login.jsx","statementMap":{"0":{"start":{"line":5,"column":21},"end":{"line":5,"column":34}},"1":{"start":{"line":6,"column":36},"end":{"line":10,"column":6}},"2":{"start":{"line":11,"column":32},"end":{"line":11,"column":44}},"3":{"start":{"line":12,"column":34},"end":{"line":12,"column":67}},"4":{"start":{"line":15,"column":28},"end":{"line":18,"column":5}},"5":{"start":{"line":16,"column":25},"end":{"line":16,"column":57}},"6":{"start":{"line":17,"column":8},"end":{"line":17,"column":51}},"7":{"start":{"line":20,"column":25},"end":{"line":22,"column":5}},"8":{"start":{"line":21,"column":8},"end":{"line":21,"column":55}},"9":{"start":{"line":24,"column":23},"end":{"line":26,"column":5}},"10":{"start":{"line":25,"column":8},"end":{"line":25,"column":44}},"11":{"start":{"line":28,"column":25},"end":{"line":41,"column":5}},"12":{"start":{"line":29,"column":30},"end":{"line":29,"column":38}},"13":{"start":{"line":30,"column":8},"end":{"line":33,"column":11}},"14":{"start":{"line":30,"column":29},"end":{"line":33,"column":9}},"15":{"start":{"line":35,"column":8},"end":{"line":40,"column":9}},"16":{"start":{"line":36,"column":12},"end":{"line":39,"column":15}},"17":{"start":{"line":36,"column":31},"end":{"line":39,"column":13}},"18":{"start":{"line":43,"column":26},"end":{"line":95,"column":5}},"19":{"start":{"line":44,"column":8},"end":{"line":44,"column":26}},"20":{"start":{"line":45,"column":26},"end":{"line":45,"column":28}},"21":{"start":{"line":46,"column":21},"end":{"line":46,"column":25}},"22":{"start":{"line":49,"column":8},"end":{"line":52,"column":9}},"23":{"start":{"line":50,"column":12},"end":{"line":50,"column":70}},"24":{"start":{"line":51,"column":12},"end":{"line":51,"column":26}},"25":{"start":{"line":53,"column":8},"end":{"line":56,"column":9}},"26":{"start":{"line":54,"column":12},"end":{"line":54,"column":63}},"27":{"start":{"line":55,"column":12},"end":{"line":55,"column":26}},"28":{"start":{"line":57,"column":8},"end":{"line":60,"column":9}},"29":{"start":{"line":58,"column":12},"end":{"line":58,"column":57}},"30":{"start":{"line":59,"column":12},"end":{"line":59,"column":26}},"31":{"start":{"line":62,"column":8},"end":{"line":65,"column":9}},"32":{"start":{"line":63,"column":12},"end":{"line":63,"column":32}},"33":{"start":{"line":64,"column":12},"end":{"line":64,"column":18}},"34":{"start":{"line":68,"column":25},"end":{"line":68,"column":42}},"35":{"start":{"line":69,"column":21},"end":{"line":72,"column":9}},"36":{"start":{"line":70,"column":12},"end":{"line":71,"column":80}},"37":{"start":{"line":74,"column":8},"end":{"line":80,"column":9}},"38":{"start":{"line":75,"column":12},"end":{"line":78,"column":14}},"39":{"start":{"line":79,"column":12},"end":{"line":79,"column":18}},"40":{"start":{"line":83,"column":8},"end":{"line":83,"column":68}},"41":{"start":{"line":84,"column":8},"end":{"line":87,"column":10}},"42":{"start":{"line":90,"column":8},"end":{"line":90,"column":50}},"43":{"start":{"line":92,"column":8},"end":{"line":94,"column":16}},"44":{"start":{"line":93,"column":12},"end":{"line":93,"column":25}},"45":{"start":{"line":97,"column":4},"end":{"line":181,"column":5}}},"fnMap":{"0":{"name":"Login","decl":{"start":{"line":4,"column":9},"end":{"line":4,"column":14}},"loc":{"start":{"line":4,"column":17},"end":{"line":182,"column":1}},"line":4},"1":{"name":"(anonymous_1)","decl":{"start":{"line":15,"column":28},"end":{"line":15,"column":29}},"loc":{"start":{"line":15,"column":34},"end":{"line":18,"column":5}},"line":15},"2":{"name":"(anonymous_2)","decl":{"start":{"line":20,"column":25},"end":{"line":20,"column":26}},"loc":{"start":{"line":20,"column":36},"end":{"line":22,"column":5}},"line":20},"3":{"name":"(anonymous_3)","decl":{"start":{"line":24,"column":23},"end":{"line":24,"column":24}},"loc":{"start":{"line":24,"column":34},"end":{"line":26,"column":5}},"line":24},"4":{"name":"(anonymous_4)","decl":{"start":{"line":28,"column":25},"end":{"line":28,"column":26}},"loc":{"start":{"line":28,"column":32},"end":{"line":41,"column":5}},"line":28},"5":{"name":"(anonymous_5)","decl":{"start":{"line":30,"column":20},"end":{"line":30,"column":21}},"loc":{"start":{"line":30,"column":29},"end":{"line":33,"column":9}},"line":30},"6":{"name":"(anonymous_6)","decl":{"start":{"line":36,"column":22},"end":{"line":36,"column":23}},"loc":{"start":{"line":36,"column":31},"end":{"line":39,"column":13}},"line":36},"7":{"name":"(anonymous_7)","decl":{"start":{"line":43,"column":26},"end":{"line":43,"column":27}},"loc":{"start":{"line":43,"column":33},"end":{"line":95,"column":5}},"line":43},"8":{"name":"(anonymous_8)","decl":{"start":{"line":69,"column":35},"end":{"line":69,"column":36}},"loc":{"start":{"line":70,"column":12},"end":{"line":71,"column":80}},"line":70},"9":{"name":"(anonymous_9)","decl":{"start":{"line":92,"column":19},"end":{"line":92,"column":20}},"loc":{"start":{"line":92,"column":25},"end":{"line":94,"column":9}},"line":92}},"branchMap":{"0":{"loc":{"start":{"line":17,"column":15},"end":{"line":17,"column":51}},"type":"cond-expr","locations":[{"start":{"line":17,"column":26},"end":{"line":17,"column":46}},{"start":{"line":17,"column":49},"end":{"line":17,"column":51}}],"line":17},"1":{"loc":{"start":{"line":25,"column":15},"end":{"line":25,"column":44}},"type":"binary-expr","locations":[{"start":{"line":25,"column":15},"end":{"line":25,"column":21}},{"start":{"line":25,"column":25},"end":{"line":25,"column":44}}],"line":25},"2":{"loc":{"start":{"line":35,"column":8},"end":{"line":40,"column":9}},"type":"if","locations":[{"start":{"line":35,"column":8},"end":{"line":40,"column":9}},{"start":{},"end":{}}],"line":35},"3":{"loc":{"start":{"line":49,"column":8},"end":{"line":52,"column":9}},"type":"if","locations":[{"start":{"line":49,"column":8},"end":{"line":52,"column":9}},{"start":{},"end":{}}],"line":49},"4":{"loc":{"start":{"line":53,"column":8},"end":{"line":56,"column":9}},"type":"if","locations":[{"start":{"line":53,"column":8},"end":{"line":56,"column":9}},{"start":{},"end":{}}],"line":53},"5":{"loc":{"start":{"line":57,"column":8},"end":{"line":60,"column":9}},"type":"if","locations":[{"start":{"line":57,"column":8},"end":{"line":60,"column":9}},{"start":{},"end":{}}],"line":57},"6":{"loc":{"start":{"line":62,"column":8},"end":{"line":65,"column":9}},"type":"if","locations":[{"start":{"line":62,"column":8},"end":{"line":65,"column":9}},{"start":{},"end":{}}],"line":62},"7":{"loc":{"start":{"line":70,"column":12},"end":{"line":71,"column":80}},"type":"binary-expr","locations":[{"start":{"line":70,"column":13},"end":{"line":70,"column":41}},{"start":{"line":70,"column":45},"end":{"line":70,"column":77}},{"start":{"line":71,"column":13},"end":{"line":71,"column":43}},{"start":{"line":71,"column":47},"end":{"line":71,"column":79}}],"line":70},"8":{"loc":{"start":{"line":74,"column":8},"end":{"line":80,"column":9}},"type":"if","locations":[{"start":{"line":74,"column":8},"end":{"line":80,"column":9}},{"start":{},"end":{}}],"line":74},"9":{"loc":{"start":{"line":106,"column":29},"end":{"line":110,"column":29}},"type":"binary-expr","locations":[{"start":{"line":106,"column":29},"end":{"line":106,"column":42}},{"start":{"line":107,"column":32},"end":{"line":109,"column":38}}],"line":106},"10":{"loc":{"start":{"line":118,"column":67},"end":{"line":118,"column":101}},"type":"cond-expr","locations":[{"start":{"line":118,"column":84},"end":{"line":118,"column":96}},{"start":{"line":118,"column":99},"end":{"line":118,"column":101}}],"line":118},"11":{"loc":{"start":{"line":123,"column":37},"end":{"line":125,"column":37}},"type":"binary-expr","locations":[{"start":{"line":123,"column":37},"end":{"line":123,"column":51}},{"start":{"line":124,"column":40},"end":{"line":124,"column":104}}],"line":123},"12":{"loc":{"start":{"line":132,"column":67},"end":{"line":132,"column":100}},"type":"cond-expr","locations":[{"start":{"line":132,"column":83},"end":{"line":132,"column":95}},{"start":{"line":132,"column":98},"end":{"line":132,"column":100}}],"line":132},"13":{"loc":{"start":{"line":137,"column":37},"end":{"line":139,"column":37}},"type":"binary-expr","locations":[{"start":{"line":137,"column":37},"end":{"line":137,"column":50}},{"start":{"line":138,"column":40},"end":{"line":138,"column":103}}],"line":137},"14":{"loc":{"start":{"line":146,"column":67},"end":{"line":146,"column":102}},"type":"cond-expr","locations":[{"start":{"line":146,"column":85},"end":{"line":146,"column":97}},{"start":{"line":146,"column":100},"end":{"line":146,"column":102}}],"line":146},"15":{"loc":{"start":{"line":151,"column":37},"end":{"line":153,"column":37}},"type":"binary-expr","locations":[{"start":{"line":151,"column":37},"end":{"line":151,"column":52}},{"start":{"line":152,"column":40},"end":{"line":152,"column":105}}],"line":151}},"s":{"0":45,"1":45,"2":45,"3":45,"4":45,"5":6,"6":6,"7":45,"8":10,"9":45,"10":20,"11":45,"12":22,"13":22,"14":22,"15":22,"16":1,"17":1,"18":45,"19":10,"20":10,"21":10,"22":10,"23":4,"24":4,"25":10,"26":4,"27":4,"28":10,"29":4,"30":4,"31":10,"32":4,"33":4,"34":6,"35":6,"36":5,"37":6,"38":2,"39":2,"40":4,"41":4,"42":4,"43":4,"44":1,"45":45},"f":{"0":45,"1":6,"2":10,"3":20,"4":22,"5":22,"6":1,"7":10,"8":5,"9":1},"b":{"0":[4,2],"1":[20,12],"2":[1,21],"3":[4,6],"4":[4,6],"5":[4,6],"6":[4,6],"7":[5,3,2,1],"8":[2,4],"9":[45,6],"10":[4,41],"11":[45,4],"12":[5,40],"13":[45,5],"14":[5,40],"15":[45,5]},"_coverageSchema":"1a1c01bbd47fc00a2c39e90264f33305004495a9","hash":"bcde3be0db1f286b879a62771a610252dd209a31"}
,"C:\\Users\\xxdar\\OneDrive\\Documentos\\codeGodot\\codegodotReact\\src\\components\\Navbar.jsx": {"path":"C:\\Users\\xxdar\\OneDrive\\Documentos\\codeGodot\\codegodotReact\\src\\components\\Navbar.jsx","statementMap":{"0":{"start":{"line":6,"column":50},"end":{"line":6,"column":64}},"1":{"start":{"line":8,"column":4},"end":{"line":23,"column":10}},"2":{"start":{"line":10,"column":24},"end":{"line":10,"column":62}},"3":{"start":{"line":11,"column":8},"end":{"line":13,"column":9}},"4":{"start":{"line":12,"column":12},"end":{"line":12,"column":51}},"5":{"start":{"line":16,"column":36},"end":{"line":19,"column":9}},"6":{"start":{"line":17,"column":28},"end":{"line":17,"column":66}},"7":{"start":{"line":18,"column":12},"end":{"line":18,"column":68}},"8":{"start":{"line":21,"column":8},"end":{"line":21,"column":63}},"9":{"start":{"line":22,"column":8},"end":{"line":22,"column":79}},"10":{"start":{"line":22,"column":21},"end":{"line":22,"column":79}},"11":{"start":{"line":26,"column":25},"end":{"line":36,"column":5}},"12":{"start":{"line":27,"column":31},"end":{"line":27,"column":67}},"13":{"start":{"line":28,"column":8},"end":{"line":35,"column":9}},"14":{"start":{"line":29,"column":31},"end":{"line":29,"column":84}},"15":{"start":{"line":30,"column":12},"end":{"line":34,"column":13}},"16":{"start":{"line":31,"column":16},"end":{"line":31,"column":33}},"17":{"start":{"line":33,"column":16},"end":{"line":33,"column":55}},"18":{"start":{"line":38,"column":25},"end":{"line":43,"column":5}},"19":{"start":{"line":39,"column":8},"end":{"line":39,"column":22}},"20":{"start":{"line":40,"column":8},"end":{"line":40,"column":49}},"21":{"start":{"line":41,"column":8},"end":{"line":41,"column":32}},"22":{"start":{"line":42,"column":8},"end":{"line":42,"column":34}},"23":{"start":{"line":45,"column":4},"end":{"line":94,"column":5}}},"fnMap":{"0":{"name":"Navbar","decl":{"start":{"line":5,"column":9},"end":{"line":5,"column":15}},"loc":{"start":{"line":5,"column":18},"end":{"line":95,"column":1}},"line":5},"1":{"name":"(anonymous_1)","decl":{"start":{"line":8,"column":14},"end":{"line":8,"column":15}},"loc":{"start":{"line":8,"column":20},"end":{"line":23,"column":5}},"line":8},"2":{"name":"(anonymous_2)","decl":{"start":{"line":16,"column":36},"end":{"line":16,"column":37}},"loc":{"start":{"line":16,"column":42},"end":{"line":19,"column":9}},"line":16},"3":{"name":"(anonymous_3)","decl":{"start":{"line":22,"column":15},"end":{"line":22,"column":16}},"loc":{"start":{"line":22,"column":21},"end":{"line":22,"column":79}},"line":22},"4":{"name":"(anonymous_4)","decl":{"start":{"line":26,"column":25},"end":{"line":26,"column":26}},"loc":{"start":{"line":26,"column":31},"end":{"line":36,"column":5}},"line":26},"5":{"name":"(anonymous_5)","decl":{"start":{"line":38,"column":25},"end":{"line":38,"column":26}},"loc":{"start":{"line":38,"column":31},"end":{"line":43,"column":5}},"line":38}},"branchMap":{"0":{"loc":{"start":{"line":11,"column":8},"end":{"line":13,"column":9}},"type":"if","locations":[{"start":{"line":11,"column":8},"end":{"line":13,"column":9}},{"start":{},"end":{}}],"line":11},"1":{"loc":{"start":{"line":18,"column":31},"end":{"line":18,"column":67}},"type":"cond-expr","locations":[{"start":{"line":18,"column":41},"end":{"line":18,"column":60}},{"start":{"line":18,"column":63},"end":{"line":18,"column":67}}],"line":18},"2":{"loc":{"start":{"line":28,"column":8},"end":{"line":35,"column":9}},"type":"if","locations":[{"start":{"line":28,"column":8},"end":{"line":35,"column":9}},{"start":{},"end":{}}],"line":28},"3":{"loc":{"start":{"line":28,"column":12},"end":{"line":28,"column":71}},"type":"binary-expr","locations":[{"start":{"line":28,"column":12},"end":{"line":28,"column":26}},{"start":{"line":28,"column":30},"end":{"line":28,"column":71}}],"line":28},"4":{"loc":{"start":{"line":30,"column":12},"end":{"line":34,"column":13}},"type":"if","locations":[{"start":{"line":30,"column":12},"end":{"line":34,"column":13}},{"start":{"line":32,"column":19},"end":{"line":34,"column":13}}],"line":30},"5":{"loc":{"start":{"line":63,"column":25},"end":{"line":89,"column":25}},"type":"cond-expr","locations":[{"start":{"line":64,"column":28},"end":{"line":79,"column":31}},{"start":{"line":81,"column":28},"end":{"line":88,"column":31}}],"line":63}},"s":{"0":0,"1":0,"2":0,"3":0,"4":0,"5":0,"6":0,"7":0,"8":0,"9":0,"10":0,"11":0,"12":0,"13":0,"14":0,"15":0,"16":0,"17":0,"18":0,"19":0,"20":0,"21":0,"22":0,"23":0},"f":{"0":0,"1":0,"2":0,"3":0,"4":0,"5":0},"b":{"0":[0,0],"1":[0,0],"2":[0,0],"3":[0,0],"4":[0,0],"5":[0,0]}}
,"C:\\Users\\xxdar\\OneDrive\\Documentos\\codeGodot\\codegodotReact\\src\\components\\Perfil.jsx": {"path":"C:\\Users\\xxdar\\OneDrive\\Documentos\\codeGodot\\codegodotReact\\src\\components\\Perfil.jsx","statementMap":{"0":{"start":{"line":6,"column":21},"end":{"line":6,"column":34}},"1":{"start":{"line":7,"column":34},"end":{"line":7,"column":48}},"2":{"start":{"line":8,"column":34},"end":{"line":8,"column":67}},"3":{"start":{"line":10,"column":4},"end":{"line":26,"column":18}},"4":{"start":{"line":12,"column":31},"end":{"line":12,"column":69}},"5":{"start":{"line":14,"column":8},"end":{"line":25,"column":9}},"6":{"start":{"line":16,"column":12},"end":{"line":19,"column":14}},"7":{"start":{"line":20,"column":12},"end":{"line":22,"column":20}},"8":{"start":{"line":21,"column":16},"end":{"line":21,"column":34}},"9":{"start":{"line":24,"column":12},"end":{"line":24,"column":50}},"10":{"start":{"line":29,"column":4},"end":{"line":43,"column":5}},"11":{"start":{"line":30,"column":8},"end":{"line":42,"column":9}},"12":{"start":{"line":46,"column":27},"end":{"line":46,"column":125}},"13":{"start":{"line":48,"column":4},"end":{"line":130,"column":5}}},"fnMap":{"0":{"name":"Perfil","decl":{"start":{"line":5,"column":9},"end":{"line":5,"column":15}},"loc":{"start":{"line":5,"column":18},"end":{"line":131,"column":1}},"line":5},"1":{"name":"(anonymous_1)","decl":{"start":{"line":10,"column":14},"end":{"line":10,"column":15}},"loc":{"start":{"line":10,"column":20},"end":{"line":26,"column":5}},"line":10},"2":{"name":"(anonymous_2)","decl":{"start":{"line":20,"column":23},"end":{"line":20,"column":24}},"loc":{"start":{"line":20,"column":29},"end":{"line":22,"column":13}},"line":20}},"branchMap":{"0":{"loc":{"start":{"line":14,"column":8},"end":{"line":25,"column":9}},"type":"if","locations":[{"start":{"line":14,"column":8},"end":{"line":25,"column":9}},{"start":{"line":23,"column":15},"end":{"line":25,"column":9}}],"line":14},"1":{"loc":{"start":{"line":29,"column":4},"end":{"line":43,"column":5}},"type":"if","locations":[{"start":{"line":29,"column":4},"end":{"line":43,"column":5}},{"start":{},"end":{}}],"line":29},"2":{"loc":{"start":{"line":34,"column":25},"end":{"line":38,"column":25}},"type":"binary-expr","locations":[{"start":{"line":34,"column":25},"end":{"line":34,"column":38}},{"start":{"line":35,"column":28},"end":{"line":37,"column":34}}],"line":34},"3":{"loc":{"start":{"line":46,"column":30},"end":{"line":46,"column":50}},"type":"binary-expr","locations":[{"start":{"line":46,"column":30},"end":{"line":46,"column":44}},{"start":{"line":46,"column":48},"end":{"line":46,"column":50}}],"line":46},"4":{"loc":{"start":{"line":46,"column":54},"end":{"line":46,"column":83}},"type":"binary-expr","locations":[{"start":{"line":46,"column":54},"end":{"line":46,"column":77}},{"start":{"line":46,"column":81},"end":{"line":46,"column":83}}],"line":46},"5":{"loc":{"start":{"line":46,"column":87},"end":{"line":46,"column":116}},"type":"binary-expr","locations":[{"start":{"line":46,"column":87},"end":{"line":46,"column":110}},{"start":{"line":46,"column":114},"end":{"line":46,"column":116}}],"line":46},"6":{"loc":{"start":{"line":90,"column":47},"end":{"line":90,"column":68}},"type":"binary-expr","locations":[{"start":{"line":90,"column":47},"end":{"line":90,"column":62}},{"start":{"line":90,"column":66},"end":{"line":90,"column":68}}],"line":90},"7":{"loc":{"start":{"line":103,"column":47},"end":{"line":103,"column":67}},"type":"binary-expr","locations":[{"start":{"line":103,"column":47},"end":{"line":103,"column":61}},{"start":{"line":103,"column":65},"end":{"line":103,"column":67}}],"line":103},"8":{"loc":{"start":{"line":113,"column":47},"end":{"line":113,"column":84}},"type":"binary-expr","locations":[{"start":{"line":113,"column":47},"end":{"line":113,"column":63}},{"start":{"line":113,"column":67},"end":{"line":113,"column":84}}],"line":113}},"s":{"0":0,"1":0,"2":0,"3":0,"4":0,"5":0,"6":0,"7":0,"8":0,"9":0,"10":0,"11":0,"12":0,"13":0},"f":{"0":0,"1":0,"2":0},"b":{"0":[0,0],"1":[0,0],"2":[0,0],"3":[0,0],"4":[0,0],"5":[0,0],"6":[0,0],"7":[0,0],"8":[0,0]}}
,"C:\\Users\\xxdar\\OneDrive\\Documentos\\codeGodot\\codegodotReact\\src\\components\\Registro.jsx": {"path":"C:\\Users\\xxdar\\OneDrive\\Documentos\\codeGodot\\codegodotReact\\src\\components\\Registro.jsx","statementMap":{"0":{"start":{"line":5,"column":21},"end":{"line":5,"column":34}},"1":{"start":{"line":6,"column":36},"end":{"line":16,"column":6}},"2":{"start":{"line":17,"column":32},"end":{"line":17,"column":44}},"3":{"start":{"line":18,"column":34},"end":{"line":18,"column":67}},"4":{"start":{"line":21,"column":28},"end":{"line":24,"column":5}},"5":{"start":{"line":22,"column":25},"end":{"line":22,"column":57}},"6":{"start":{"line":23,"column":8},"end":{"line":23,"column":51}},"7":{"start":{"line":26,"column":28},"end":{"line":28,"column":5}},"8":{"start":{"line":27,"column":8},"end":{"line":27,"column":66}},"9":{"start":{"line":30,"column":25},"end":{"line":32,"column":5}},"10":{"start":{"line":31,"column":8},"end":{"line":31,"column":55}},"11":{"start":{"line":34,"column":23},"end":{"line":36,"column":5}},"12":{"start":{"line":35,"column":8},"end":{"line":35,"column":44}},"13":{"start":{"line":38,"column":28},"end":{"line":43,"column":5}},"14":{"start":{"line":39,"column":8},"end":{"line":39,"column":41}},"15":{"start":{"line":39,"column":29},"end":{"line":39,"column":41}},"16":{"start":{"line":40,"column":8},"end":{"line":40,"column":45}},"17":{"start":{"line":40,"column":33},"end":{"line":40,"column":45}},"18":{"start":{"line":41,"column":8},"end":{"line":41,"column":75}},"19":{"start":{"line":41,"column":63},"end":{"line":41,"column":75}},"20":{"start":{"line":42,"column":8},"end":{"line":42,"column":19}},"21":{"start":{"line":45,"column":25},"end":{"line":58,"column":5}},"22":{"start":{"line":46,"column":45},"end":{"line":46,"column":53}},"23":{"start":{"line":47,"column":8},"end":{"line":50,"column":11}},"24":{"start":{"line":47,"column":29},"end":{"line":50,"column":9}},"25":{"start":{"line":52,"column":8},"end":{"line":57,"column":9}},"26":{"start":{"line":53,"column":12},"end":{"line":56,"column":15}},"27":{"start":{"line":53,"column":31},"end":{"line":56,"column":13}},"28":{"start":{"line":60,"column":25},"end":{"line":148,"column":5}},"29":{"start":{"line":61,"column":8},"end":{"line":61,"column":26}},"30":{"start":{"line":62,"column":26},"end":{"line":62,"column":28}},"31":{"start":{"line":63,"column":21},"end":{"line":63,"column":25}},"32":{"start":{"line":66,"column":8},"end":{"line":69,"column":9}},"33":{"start":{"line":67,"column":12},"end":{"line":67,"column":51}},"34":{"start":{"line":68,"column":12},"end":{"line":68,"column":26}},"35":{"start":{"line":70,"column":8},"end":{"line":73,"column":9}},"36":{"start":{"line":71,"column":12},"end":{"line":71,"column":70}},"37":{"start":{"line":72,"column":12},"end":{"line":72,"column":26}},"38":{"start":{"line":74,"column":8},"end":{"line":77,"column":9}},"39":{"start":{"line":75,"column":12},"end":{"line":75,"column":70}},"40":{"start":{"line":76,"column":12},"end":{"line":76,"column":26}},"41":{"start":{"line":78,"column":8},"end":{"line":81,"column":9}},"42":{"start":{"line":79,"column":12},"end":{"line":79,"column":70}},"43":{"start":{"line":80,"column":12},"end":{"line":80,"column":26}},"44":{"start":{"line":82,"column":8},"end":{"line":85,"column":9}},"45":{"start":{"line":83,"column":12},"end":{"line":83,"column":63}},"46":{"start":{"line":84,"column":12},"end":{"line":84,"column":26}},"47":{"start":{"line":86,"column":8},"end":{"line":100,"column":9}},"48":{"start":{"line":87,"column":12},"end":{"line":87,"column":58}},"49":{"start":{"line":88,"column":12},"end":{"line":88,"column":26}},"50":{"start":{"line":89,"column":15},"end":{"line":100,"column":9}},"51":{"start":{"line":90,"column":31},"end":{"line":90,"column":33}},"52":{"start":{"line":91,"column":12},"end":{"line":97,"column":13}},"53":{"start":{"line":92,"column":16},"end":{"line":92,"column":80}},"54":{"start":{"line":93,"column":19},"end":{"line":97,"column":13}},"55":{"start":{"line":94,"column":16},"end":{"line":94,"column":87}},"56":{"start":{"line":95,"column":19},"end":{"line":97,"column":13}},"57":{"start":{"line":96,"column":16},"end":{"line":96,"column":104}},"58":{"start":{"line":98,"column":12},"end":{"line":98,"column":45}},"59":{"start":{"line":99,"column":12},"end":{"line":99,"column":26}},"60":{"start":{"line":101,"column":8},"end":{"line":104,"column":9}},"61":{"start":{"line":102,"column":12},"end":{"line":102,"column":65}},"62":{"start":{"line":103,"column":12},"end":{"line":103,"column":26}},"63":{"start":{"line":105,"column":8},"end":{"line":108,"column":9}},"64":{"start":{"line":106,"column":12},"end":{"line":106,"column":76}},"65":{"start":{"line":107,"column":12},"end":{"line":107,"column":26}},"66":{"start":{"line":111,"column":25},"end":{"line":111,"column":42}},"67":{"start":{"line":112,"column":8},"end":{"line":116,"column":9}},"68":{"start":{"line":112,"column":31},"end":{"line":112,"column":59}},"69":{"start":{"line":113,"column":12},"end":{"line":113,"column":82}},"70":{"start":{"line":114,"column":12},"end":{"line":114,"column":64}},"71":{"start":{"line":115,"column":12},"end":{"line":115,"column":26}},"72":{"start":{"line":117,"column":8},"end":{"line":121,"column":9}},"73":{"start":{"line":117,"column":31},"end":{"line":117,"column":61}},"74":{"start":{"line":118,"column":12},"end":{"line":118,"column":93}},"75":{"start":{"line":119,"column":12},"end":{"line":119,"column":76}},"76":{"start":{"line":120,"column":12},"end":{"line":120,"column":26}},"77":{"start":{"line":123,"column":8},"end":{"line":126,"column":9}},"78":{"start":{"line":124,"column":12},"end":{"line":124,"column":32}},"79":{"start":{"line":125,"column":12},"end":{"line":125,"column":18}},"80":{"start":{"line":129,"column":8},"end":{"line":137,"column":10}},"81":{"start":{"line":138,"column":8},"end":{"line":138,"column":33}},"82":{"start":{"line":141,"column":8},"end":{"line":141,"column":97}},"83":{"start":{"line":142,"column":8},"end":{"line":142,"column":92}},"84":{"start":{"line":145,"column":8},"end":{"line":147,"column":16}},"85":{"start":{"line":146,"column":12},"end":{"line":146,"column":30}},"86":{"start":{"line":150,"column":4},"end":{"line":317,"column":5}}},"fnMap":{"0":{"name":"Registro","decl":{"start":{"line":4,"column":9},"end":{"line":4,"column":17}},"loc":{"start":{"line":4,"column":20},"end":{"line":318,"column":1}},"line":4},"1":{"name":"(anonymous_1)","decl":{"start":{"line":21,"column":28},"end":{"line":21,"column":29}},"loc":{"start":{"line":21,"column":34},"end":{"line":24,"column":5}},"line":21},"2":{"name":"(anonymous_2)","decl":{"start":{"line":26,"column":28},"end":{"line":26,"column":29}},"loc":{"start":{"line":26,"column":42},"end":{"line":28,"column":5}},"line":26},"3":{"name":"(anonymous_3)","decl":{"start":{"line":30,"column":25},"end":{"line":30,"column":26}},"loc":{"start":{"line":30,"column":36},"end":{"line":32,"column":5}},"line":30},"4":{"name":"(anonymous_4)","decl":{"start":{"line":34,"column":23},"end":{"line":34,"column":24}},"loc":{"start":{"line":34,"column":34},"end":{"line":36,"column":5}},"line":34},"5":{"name":"(anonymous_5)","decl":{"start":{"line":38,"column":28},"end":{"line":38,"column":29}},"loc":{"start":{"line":38,"column":38},"end":{"line":43,"column":5}},"line":38},"6":{"name":"(anonymous_6)","decl":{"start":{"line":45,"column":25},"end":{"line":45,"column":26}},"loc":{"start":{"line":45,"column":32},"end":{"line":58,"column":5}},"line":45},"7":{"name":"(anonymous_7)","decl":{"start":{"line":47,"column":20},"end":{"line":47,"column":21}},"loc":{"start":{"line":47,"column":29},"end":{"line":50,"column":9}},"line":47},"8":{"name":"(anonymous_8)","decl":{"start":{"line":53,"column":22},"end":{"line":53,"column":23}},"loc":{"start":{"line":53,"column":31},"end":{"line":56,"column":13}},"line":53},"9":{"name":"(anonymous_9)","decl":{"start":{"line":60,"column":25},"end":{"line":60,"column":26}},"loc":{"start":{"line":60,"column":32},"end":{"line":148,"column":5}},"line":60},"10":{"name":"(anonymous_10)","decl":{"start":{"line":112,"column":26},"end":{"line":112,"column":27}},"loc":{"start":{"line":112,"column":31},"end":{"line":112,"column":59}},"line":112},"11":{"name":"(anonymous_11)","decl":{"start":{"line":117,"column":26},"end":{"line":117,"column":27}},"loc":{"start":{"line":117,"column":31},"end":{"line":117,"column":61}},"line":117},"12":{"name":"(anonymous_12)","decl":{"start":{"line":145,"column":19},"end":{"line":145,"column":20}},"loc":{"start":{"line":145,"column":25},"end":{"line":147,"column":9}},"line":145}},"branchMap":{"0":{"loc":{"start":{"line":23,"column":15},"end":{"line":23,"column":51}},"type":"cond-expr","locations":[{"start":{"line":23,"column":26},"end":{"line":23,"column":46}},{"start":{"line":23,"column":49},"end":{"line":23,"column":51}}],"line":23},"1":{"loc":{"start":{"line":35,"column":15},"end":{"line":35,"column":44}},"type":"binary-expr","locations":[{"start":{"line":35,"column":15},"end":{"line":35,"column":21}},{"start":{"line":35,"column":25},"end":{"line":35,"column":44}}],"line":35},"2":{"loc":{"start":{"line":39,"column":8},"end":{"line":39,"column":41}},"type":"if","locations":[{"start":{"line":39,"column":8},"end":{"line":39,"column":41}},{"start":{},"end":{}}],"line":39},"3":{"loc":{"start":{"line":40,"column":8},"end":{"line":40,"column":45}},"type":"if","locations":[{"start":{"line":40,"column":8},"end":{"line":40,"column":45}},{"start":{},"end":{}}],"line":40},"4":{"loc":{"start":{"line":41,"column":8},"end":{"line":41,"column":75}},"type":"if","locations":[{"start":{"line":41,"column":8},"end":{"line":41,"column":75}},{"start":{},"end":{}}],"line":41},"5":{"loc":{"start":{"line":49,"column":18},"end":{"line":49,"column":55}},"type":"cond-expr","locations":[{"start":{"line":49,"column":40},"end":{"line":49,"column":47}},{"start":{"line":49,"column":50},"end":{"line":49,"column":55}}],"line":49},"6":{"loc":{"start":{"line":52,"column":8},"end":{"line":57,"column":9}},"type":"if","locations":[{"start":{"line":52,"column":8},"end":{"line":57,"column":9}},{"start":{},"end":{}}],"line":52},"7":{"loc":{"start":{"line":66,"column":8},"end":{"line":69,"column":9}},"type":"if","locations":[{"start":{"line":66,"column":8},"end":{"line":69,"column":9}},{"start":{},"end":{}}],"line":66},"8":{"loc":{"start":{"line":70,"column":8},"end":{"line":73,"column":9}},"type":"if","locations":[{"start":{"line":70,"column":8},"end":{"line":73,"column":9}},{"start":{},"end":{}}],"line":70},"9":{"loc":{"start":{"line":74,"column":8},"end":{"line":77,"column":9}},"type":"if","locations":[{"start":{"line":74,"column":8},"end":{"line":77,"column":9}},{"start":{},"end":{}}],"line":74},"10":{"loc":{"start":{"line":78,"column":8},"end":{"line":81,"column":9}},"type":"if","locations":[{"start":{"line":78,"column":8},"end":{"line":81,"column":9}},{"start":{},"end":{}}],"line":78},"11":{"loc":{"start":{"line":82,"column":8},"end":{"line":85,"column":9}},"type":"if","locations":[{"start":{"line":82,"column":8},"end":{"line":85,"column":9}},{"start":{},"end":{}}],"line":82},"12":{"loc":{"start":{"line":86,"column":8},"end":{"line":100,"column":9}},"type":"if","locations":[{"start":{"line":86,"column":8},"end":{"line":100,"column":9}},{"start":{"line":89,"column":15},"end":{"line":100,"column":9}}],"line":86},"13":{"loc":{"start":{"line":89,"column":15},"end":{"line":100,"column":9}},"type":"if","locations":[{"start":{"line":89,"column":15},"end":{"line":100,"column":9}},{"start":{},"end":{}}],"line":89},"14":{"loc":{"start":{"line":91,"column":12},"end":{"line":97,"column":13}},"type":"if","locations":[{"start":{"line":91,"column":12},"end":{"line":97,"column":13}},{"start":{"line":93,"column":19},"end":{"line":97,"column":13}}],"line":91},"15":{"loc":{"start":{"line":93,"column":19},"end":{"line":97,"column":13}},"type":"if","locations":[{"start":{"line":93,"column":19},"end":{"line":97,"column":13}},{"start":{"line":95,"column":19},"end":{"line":97,"column":13}}],"line":93},"16":{"loc":{"start":{"line":95,"column":19},"end":{"line":97,"column":13}},"type":"if","locations":[{"start":{"line":95,"column":19},"end":{"line":97,"column":13}},{"start":{},"end":{}}],"line":95},"17":{"loc":{"start":{"line":101,"column":8},"end":{"line":104,"column":9}},"type":"if","locations":[{"start":{"line":101,"column":8},"end":{"line":104,"column":9}},{"start":{},"end":{}}],"line":101},"18":{"loc":{"start":{"line":105,"column":8},"end":{"line":108,"column":9}},"type":"if","locations":[{"start":{"line":105,"column":8},"end":{"line":108,"column":9}},{"start":{},"end":{}}],"line":105},"19":{"loc":{"start":{"line":112,"column":8},"end":{"line":116,"column":9}},"type":"if","locations":[{"start":{"line":112,"column":8},"end":{"line":116,"column":9}},{"start":{},"end":{}}],"line":112},"20":{"loc":{"start":{"line":117,"column":8},"end":{"line":121,"column":9}},"type":"if","locations":[{"start":{"line":117,"column":8},"end":{"line":121,"column":9}},{"start":{},"end":{}}],"line":117},"21":{"loc":{"start":{"line":123,"column":8},"end":{"line":126,"column":9}},"type":"if","locations":[{"start":{"line":123,"column":8},"end":{"line":126,"column":9}},{"start":{},"end":{}}],"line":123},"22":{"loc":{"start":{"line":163,"column":29},"end":{"line":167,"column":29}},"type":"binary-expr","locations":[{"start":{"line":163,"column":29},"end":{"line":163,"column":42}},{"start":{"line":164,"column":32},"end":{"line":166,"column":38}}],"line":163},"23":{"loc":{"start":{"line":176,"column":71},"end":{"line":176,"column":104}},"type":"cond-expr","locations":[{"start":{"line":176,"column":87},"end":{"line":176,"column":99}},{"start":{"line":176,"column":102},"end":{"line":176,"column":104}}],"line":176},"24":{"loc":{"start":{"line":182,"column":41},"end":{"line":184,"column":41}},"type":"binary-expr","locations":[{"start":{"line":182,"column":41},"end":{"line":182,"column":54}},{"start":{"line":183,"column":44},"end":{"line":183,"column":131}}],"line":182},"25":{"loc":{"start":{"line":191,"column":71},"end":{"line":191,"column":113}},"type":"cond-expr","locations":[{"start":{"line":191,"column":96},"end":{"line":191,"column":108}},{"start":{"line":191,"column":111},"end":{"line":191,"column":113}}],"line":191},"26":{"loc":{"start":{"line":197,"column":41},"end":{"line":199,"column":41}},"type":"binary-expr","locations":[{"start":{"line":197,"column":41},"end":{"line":197,"column":63}},{"start":{"line":198,"column":44},"end":{"line":198,"column":140}}],"line":197},"27":{"loc":{"start":{"line":207,"column":67},"end":{"line":207,"column":109}},"type":"cond-expr","locations":[{"start":{"line":207,"column":92},"end":{"line":207,"column":104}},{"start":{"line":207,"column":107},"end":{"line":207,"column":109}}],"line":207},"28":{"loc":{"start":{"line":213,"column":37},"end":{"line":215,"column":37}},"type":"binary-expr","locations":[{"start":{"line":213,"column":37},"end":{"line":213,"column":59}},{"start":{"line":214,"column":40},"end":{"line":214,"column":136}}],"line":213},"29":{"loc":{"start":{"line":222,"column":67},"end":{"line":222,"column":100}},"type":"cond-expr","locations":[{"start":{"line":222,"column":83},"end":{"line":222,"column":95}},{"start":{"line":222,"column":98},"end":{"line":222,"column":100}}],"line":222},"30":{"loc":{"start":{"line":228,"column":37},"end":{"line":230,"column":37}},"type":"binary-expr","locations":[{"start":{"line":228,"column":37},"end":{"line":228,"column":50}},{"start":{"line":229,"column":40},"end":{"line":229,"column":127}}],"line":228},"31":{"loc":{"start":{"line":237,"column":67},"end":{"line":237,"column":101}},"type":"cond-expr","locations":[{"start":{"line":237,"column":84},"end":{"line":237,"column":96}},{"start":{"line":237,"column":99},"end":{"line":237,"column":101}}],"line":237},"32":{"loc":{"start":{"line":243,"column":37},"end":{"line":245,"column":37}},"type":"binary-expr","locations":[{"start":{"line":243,"column":37},"end":{"line":243,"column":51}},{"start":{"line":244,"column":40},"end":{"line":244,"column":128}}],"line":243},"33":{"loc":{"start":{"line":263,"column":67},"end":{"line":263,"column":102}},"type":"cond-expr","locations":[{"start":{"line":263,"column":85},"end":{"line":263,"column":97}},{"start":{"line":263,"column":100},"end":{"line":263,"column":102}}],"line":263},"34":{"loc":{"start":{"line":269,"column":37},"end":{"line":271,"column":37}},"type":"binary-expr","locations":[{"start":{"line":269,"column":37},"end":{"line":269,"column":52}},{"start":{"line":270,"column":40},"end":{"line":270,"column":129}}],"line":269},"35":{"loc":{"start":{"line":279,"column":67},"end":{"line":279,"column":103}},"type":"cond-expr","locations":[{"start":{"line":279,"column":86},"end":{"line":279,"column":98}},{"start":{"line":279,"column":101},"end":{"line":279,"column":103}}],"line":279},"36":{"loc":{"start":{"line":285,"column":37},"end":{"line":287,"column":37}},"type":"binary-expr","locations":[{"start":{"line":285,"column":37},"end":{"line":285,"column":53}},{"start":{"line":286,"column":40},"end":{"line":286,"column":130}}],"line":285},"37":{"loc":{"start":{"line":292,"column":71},"end":{"line":292,"column":106}},"type":"cond-expr","locations":[{"start":{"line":292,"column":89},"end":{"line":292,"column":101}},{"start":{"line":292,"column":104},"end":{"line":292,"column":106}}],"line":292},"38":{"loc":{"start":{"line":301,"column":37},"end":{"line":303,"column":37}},"type":"binary-expr","locations":[{"start":{"line":301,"column":37},"end":{"line":301,"column":52}},{"start":{"line":302,"column":40},"end":{"line":302,"column":129}}],"line":301}},"s":{"0":135,"1":135,"2":135,"3":135,"4":135,"5":20,"6":20,"7":135,"8":5,"9":135,"10":20,"11":135,"12":100,"13":135,"14":11,"15":1,"16":10,"17":1,"18":9,"19":1,"20":8,"21":135,"22":89,"23":89,"24":89,"25":89,"26":1,"27":1,"28":135,"29":20,"30":20,"31":20,"32":20,"33":9,"34":9,"35":20,"36":9,"37":9,"38":20,"39":9,"40":9,"41":20,"42":9,"43":9,"44":20,"45":9,"46":9,"47":20,"48":9,"49":9,"50":11,"51":3,"52":3,"53":1,"54":2,"55":1,"56":1,"57":1,"58":3,"59":3,"60":20,"61":4,"62":4,"63":20,"64":13,"65":13,"66":20,"67":20,"68":3,"69":1,"70":1,"71":1,"72":20,"73":3,"74":1,"75":1,"76":1,"77":20,"78":15,"79":15,"80":5,"81":5,"82":5,"83":5,"84":5,"85":1,"86":135},"f":{"0":135,"1":20,"2":5,"3":20,"4":100,"5":11,"6":89,"7":89,"8":1,"9":20,"10":3,"11":3,"12":1},"b":{"0":[3,17],"1":[100,55],"2":[1,10],"3":[1,9],"4":[1,8],"5":[9,80],"6":[1,88],"7":[9,11],"8":[9,11],"9":[9,11],"10":[9,11],"11":[9,11],"12":[9,11],"13":[3,8],"14":[1,2],"15":[1,1],"16":[1,0],"17":[4,16],"18":[13,7],"19":[1,19],"20":[1,19],"21":[15,5],"22":[135,7],"23":[9,126],"24":[135,9],"25":[10,125],"26":[135,10],"27":[10,125],"28":[135,10],"29":[11,124],"30":[135,11],"31":[11,124],"32":[135,11],"33":[13,122],"34":[135,13],"35":[4,131],"36":[135,4],"37":[14,121],"38":[135,14]},"_coverageSchema":"1a1c01bbd47fc00a2c39e90264f33305004495a9","hash":"bb8cd00df70260da6f615242d5feac6d1ad10e73"}
,"C:\\Users\\xxdar\\OneDrive\\Documentos\\codeGodot\\codegodotReact\\src\\data\\codigosData.js": {"path":"C:\\Users\\xxdar\\OneDrive\\Documentos\\codeGodot\\codegodotReact\\src\\data\\codigosData.js","statementMap":{"0":{"start":{"line":2,"column":27},"end":{"line":485,"column":1}}},"fnMap":{},"branchMap":{},"s":{"0":0},"f":{},"b":{}}
}
