TN:
SF:src\components\Comunidad.jsx
FN:6,Comunidad
FN:19,(anonymous_1)
FN:56,(anonymous_2)
FN:92,(anonymous_3)
FN:100,(anonymous_4)
FN:107,(anonymous_5)
FN:118,(anonymous_6)
FNF:7
FNH:0
FNDA:0,Comunidad
FNDA:0,(anonymous_1)
FNDA:0,(anonymous_2)
FNDA:0,(anonymous_3)
FNDA:0,(anonymous_4)
FNDA:0,(anonymous_5)
FNDA:0,(anonymous_6)
DA:7,0
DA:8,0
DA:11,0
DA:12,0
DA:13,0
DA:16,0
DA:19,0
DA:20,0
DA:21,0
DA:24,0
DA:57,0
DA:92,0
DA:101,0
DA:107,0
DA:118,0
LF:15
LH:0
BRDA:85,0,0,0
BRDA:85,0,1,0
BRDA:89,1,0,0
BRDA:89,1,1,0
BRDA:103,2,0,0
BRDA:103,2,1,0
BRDA:115,3,0,0
BRDA:115,3,1,0
BRF:8
BRH:0
end_of_record
TN:
SF:src\components\DetalleCode.jsx
FN:6,DetalleCode
FN:11,(anonymous_1)
FN:33,(anonymous_2)
FN:38,(anonymous_3)
FN:50,(anonymous_4)
FN:67,(anonymous_5)
FN:73,(anonymous_6)
FN:125,(anonymous_7)
FN:133,(anonymous_8)
FNF:9
FNH:0
FNDA:0,DetalleCode
FNDA:0,(anonymous_1)
FNDA:0,(anonymous_2)
FNDA:0,(anonymous_3)
FNDA:0,(anonymous_4)
FNDA:0,(anonymous_5)
FNDA:0,(anonymous_6)
FNDA:0,(anonymous_7)
FNDA:0,(anonymous_8)
DA:7,0
DA:8,0
DA:11,0
DA:14,0
DA:29,0
DA:30,0
DA:31,0
DA:33,0
DA:34,0
DA:35,0
DA:38,0
DA:39,0
DA:40,0
DA:41,0
DA:42,0
DA:46,0
DA:50,0
DA:67,0
DA:73,0
DA:125,0
DA:134,0
LF:21
LH:0
BRDA:11,0,0,0
BRDA:11,0,1,0
BRDA:40,1,0,0
BRDA:40,1,1,0
BRDA:66,2,0,0
BRDA:66,2,1,0
BRDA:69,3,0,0
BRDA:69,3,1,0
BRDA:72,4,0,0
BRDA:72,4,1,0
BRF:10
BRH:0
end_of_record
TN:
SF:src\components\Footer.jsx
FN:8,Footer
FNF:1
FNH:0
FNDA:0,Footer
DA:9,0
LF:1
LH:0
BRF:0
BRH:0
end_of_record
TN:
SF:src\components\Inicio.jsx
FN:5,Inicio
FNF:1
FNH:0
FNDA:0,Inicio
DA:6,0
LF:1
LH:0
BRF:0
BRH:0
end_of_record
TN:
SF:src\components\Login.jsx
FN:4,Login
FN:15,(anonymous_1)
FN:20,(anonymous_2)
FN:24,(anonymous_3)
FN:28,(anonymous_4)
FN:30,(anonymous_5)
FN:36,(anonymous_6)
FN:43,(anonymous_7)
FN:69,(anonymous_8)
FN:92,(anonymous_9)
FNF:10
FNH:10
FNDA:45,Login
FNDA:6,(anonymous_1)
FNDA:10,(anonymous_2)
FNDA:20,(anonymous_3)
FNDA:22,(anonymous_4)
FNDA:22,(anonymous_5)
FNDA:1,(anonymous_6)
FNDA:10,(anonymous_7)
FNDA:5,(anonymous_8)
FNDA:1,(anonymous_9)
DA:5,45
DA:6,45
DA:11,45
DA:12,45
DA:15,45
DA:16,6
DA:17,6
DA:20,45
DA:21,10
DA:24,45
DA:25,20
DA:28,45
DA:29,22
DA:30,22
DA:35,22
DA:36,1
DA:43,45
DA:44,10
DA:45,10
DA:46,10
DA:49,10
DA:50,4
DA:51,4
DA:53,10
DA:54,4
DA:55,4
DA:57,10
DA:58,4
DA:59,4
DA:62,10
DA:63,4
DA:64,4
DA:68,6
DA:69,6
DA:70,5
DA:74,6
DA:75,2
DA:79,2
DA:83,4
DA:84,4
DA:90,4
DA:92,4
DA:93,1
DA:97,45
LF:44
LH:44
BRDA:17,0,0,4
BRDA:17,0,1,2
BRDA:25,1,0,20
BRDA:25,1,1,12
BRDA:35,2,0,1
BRDA:35,2,1,21
BRDA:49,3,0,4
BRDA:49,3,1,6
BRDA:53,4,0,4
BRDA:53,4,1,6
BRDA:57,5,0,4
BRDA:57,5,1,6
BRDA:62,6,0,4
BRDA:62,6,1,6
BRDA:70,7,0,5
BRDA:70,7,1,3
BRDA:70,7,2,2
BRDA:70,7,3,1
BRDA:74,8,0,2
BRDA:74,8,1,4
BRDA:106,9,0,45
BRDA:106,9,1,6
BRDA:118,10,0,4
BRDA:118,10,1,41
BRDA:123,11,0,45
BRDA:123,11,1,4
BRDA:132,12,0,5
BRDA:132,12,1,40
BRDA:137,13,0,45
BRDA:137,13,1,5
BRDA:146,14,0,5
BRDA:146,14,1,40
BRDA:151,15,0,45
BRDA:151,15,1,5
BRF:34
BRH:34
end_of_record
TN:
SF:src\components\Navbar.jsx
FN:5,Navbar
FN:8,(anonymous_1)
FN:16,(anonymous_2)
FN:22,(anonymous_3)
FN:26,(anonymous_4)
FN:38,(anonymous_5)
FNF:6
FNH:0
FNDA:0,Navbar
FNDA:0,(anonymous_1)
FNDA:0,(anonymous_2)
FNDA:0,(anonymous_3)
FNDA:0,(anonymous_4)
FNDA:0,(anonymous_5)
DA:6,0
DA:8,0
DA:10,0
DA:11,0
DA:12,0
DA:16,0
DA:17,0
DA:18,0
DA:21,0
DA:22,0
DA:26,0
DA:27,0
DA:28,0
DA:29,0
DA:30,0
DA:31,0
DA:33,0
DA:38,0
DA:39,0
DA:40,0
DA:41,0
DA:42,0
DA:45,0
LF:23
LH:0
BRDA:11,0,0,0
BRDA:11,0,1,0
BRDA:18,1,0,0
BRDA:18,1,1,0
BRDA:28,2,0,0
BRDA:28,2,1,0
BRDA:28,3,0,0
BRDA:28,3,1,0
BRDA:30,4,0,0
BRDA:30,4,1,0
BRDA:63,5,0,0
BRDA:63,5,1,0
BRF:12
BRH:0
end_of_record
TN:
SF:src\components\Perfil.jsx
FN:5,Perfil
FN:10,(anonymous_1)
FN:20,(anonymous_2)
FNF:3
FNH:0
FNDA:0,Perfil
FNDA:0,(anonymous_1)
FNDA:0,(anonymous_2)
DA:6,0
DA:7,0
DA:8,0
DA:10,0
DA:12,0
DA:14,0
DA:16,0
DA:20,0
DA:21,0
DA:24,0
DA:29,0
DA:30,0
DA:46,0
DA:48,0
LF:14
LH:0
BRDA:14,0,0,0
BRDA:14,0,1,0
BRDA:29,1,0,0
BRDA:29,1,1,0
BRDA:34,2,0,0
BRDA:34,2,1,0
BRDA:46,3,0,0
BRDA:46,3,1,0
BRDA:46,4,0,0
BRDA:46,4,1,0
BRDA:46,5,0,0
BRDA:46,5,1,0
BRDA:90,6,0,0
BRDA:90,6,1,0
BRDA:103,7,0,0
BRDA:103,7,1,0
BRDA:113,8,0,0
BRDA:113,8,1,0
BRF:18
BRH:0
end_of_record
TN:
SF:src\components\Registro.jsx
FN:4,Registro
FN:21,(anonymous_1)
FN:26,(anonymous_2)
FN:30,(anonymous_3)
FN:34,(anonymous_4)
FN:38,(anonymous_5)
FN:45,(anonymous_6)
FN:47,(anonymous_7)
FN:53,(anonymous_8)
FN:60,(anonymous_9)
FN:112,(anonymous_10)
FN:117,(anonymous_11)
FN:145,(anonymous_12)
FNF:13
FNH:13
FNDA:135,Registro
FNDA:20,(anonymous_1)
FNDA:5,(anonymous_2)
FNDA:20,(anonymous_3)
FNDA:100,(anonymous_4)
FNDA:11,(anonymous_5)
FNDA:89,(anonymous_6)
FNDA:89,(anonymous_7)
FNDA:1,(anonymous_8)
FNDA:20,(anonymous_9)
FNDA:3,(anonymous_10)
FNDA:3,(anonymous_11)
FNDA:1,(anonymous_12)
DA:5,135
DA:6,135
DA:17,135
DA:18,135
DA:21,135
DA:22,20
DA:23,20
DA:26,135
DA:27,5
DA:30,135
DA:31,20
DA:34,135
DA:35,100
DA:38,135
DA:39,11
DA:40,10
DA:41,9
DA:42,8
DA:45,135
DA:46,89
DA:47,89
DA:52,89
DA:53,1
DA:60,135
DA:61,20
DA:62,20
DA:63,20
DA:66,20
DA:67,9
DA:68,9
DA:70,20
DA:71,9
DA:72,9
DA:74,20
DA:75,9
DA:76,9
DA:78,20
DA:79,9
DA:80,9
DA:82,20
DA:83,9
DA:84,9
DA:86,20
DA:87,9
DA:88,9
DA:89,11
DA:90,3
DA:91,3
DA:92,1
DA:93,2
DA:94,1
DA:95,1
DA:96,1
DA:98,3
DA:99,3
DA:101,20
DA:102,4
DA:103,4
DA:105,20
DA:106,13
DA:107,13
DA:111,20
DA:112,20
DA:113,1
DA:114,1
DA:115,1
DA:117,20
DA:118,1
DA:119,1
DA:120,1
DA:123,20
DA:124,15
DA:125,15
DA:129,5
DA:138,5
DA:141,5
DA:142,5
DA:145,5
DA:146,1
DA:150,135
LF:80
LH:80
BRDA:23,0,0,3
BRDA:23,0,1,17
BRDA:35,1,0,100
BRDA:35,1,1,55
BRDA:39,2,0,1
BRDA:39,2,1,10
BRDA:40,3,0,1
BRDA:40,3,1,9
BRDA:41,4,0,1
BRDA:41,4,1,8
BRDA:49,5,0,9
BRDA:49,5,1,80
BRDA:52,6,0,1
BRDA:52,6,1,88
BRDA:66,7,0,9
BRDA:66,7,1,11
BRDA:70,8,0,9
BRDA:70,8,1,11
BRDA:74,9,0,9
BRDA:74,9,1,11
BRDA:78,10,0,9
BRDA:78,10,1,11
BRDA:82,11,0,9
BRDA:82,11,1,11
BRDA:86,12,0,9
BRDA:86,12,1,11
BRDA:89,13,0,3
BRDA:89,13,1,8
BRDA:91,14,0,1
BRDA:91,14,1,2
BRDA:93,15,0,1
BRDA:93,15,1,1
BRDA:95,16,0,1
BRDA:95,16,1,0
BRDA:101,17,0,4
BRDA:101,17,1,16
BRDA:105,18,0,13
BRDA:105,18,1,7
BRDA:112,19,0,1
BRDA:112,19,1,19
BRDA:117,20,0,1
BRDA:117,20,1,19
BRDA:123,21,0,15
BRDA:123,21,1,5
BRDA:163,22,0,135
BRDA:163,22,1,7
BRDA:176,23,0,9
BRDA:176,23,1,126
BRDA:182,24,0,135
BRDA:182,24,1,9
BRDA:191,25,0,10
BRDA:191,25,1,125
BRDA:197,26,0,135
BRDA:197,26,1,10
BRDA:207,27,0,10
BRDA:207,27,1,125
BRDA:213,28,0,135
BRDA:213,28,1,10
BRDA:222,29,0,11
BRDA:222,29,1,124
BRDA:228,30,0,135
BRDA:228,30,1,11
BRDA:237,31,0,11
BRDA:237,31,1,124
BRDA:243,32,0,135
BRDA:243,32,1,11
BRDA:263,33,0,13
BRDA:263,33,1,122
BRDA:269,34,0,135
BRDA:269,34,1,13
BRDA:279,35,0,4
BRDA:279,35,1,131
BRDA:285,36,0,135
BRDA:285,36,1,4
BRDA:292,37,0,14
BRDA:292,37,1,121
BRDA:301,38,0,135
BRDA:301,38,1,14
BRF:78
BRH:77
end_of_record
TN:
SF:src\data\codigosData.js
FNF:0
FNH:0
DA:2,0
LF:1
LH:0
BRF:0
BRH:0
end_of_record
